<?xml version="1.0" encoding="UTF-8"?><testrun name="TestPage" project="MavenProjectSe" tests="1" started="1" failures="0" errors="1" ignored="0">
  <testsuite name="OpenFireFox.TestPage" time="7.797" displayname="TestPage" uniqueid="[engine:junit-jupiter]/[class:OpenFireFox.TestPage]">
    <testcase name="test" classname="OpenFireFox.TestPage" time="7.797" displayname="test()" uniqueid="[engine:junit-jupiter]/[class:OpenFireFox.TestPage]/[method:test()]">
      <error>org.openqa.selenium.NoSuchElementException: Unable to locate element: html body ytd-app div#content.style-scope.ytd-app div#masthead-container.style-scope.ytd-app ytd-masthead#masthead.masthead-finish div#container.style-scope.ytd-masthead div#center.style-scope.ytd-masthead ytd-searchbox#search.style-scope.ytd-masthead form#search-form.style-scope.ytd-searchbox div#container.style-scope.ytd-searchbox div#search-input.ytd-searchbox-spt input#search.ytd-searchbox
For documentation on this error, please visit: https://selenium.dev/exceptions/#no_such_element
Build info: version: '4.0.0-alpha-4', revision: 'c2d955b49e'
System info: host: 'DESKTOP-KROJFLV', ip: '192.168.10.10', os.name: 'Windows 10', os.arch: 'amd64', os.version: '10.0', java.version: '1.8.0_202'
Driver info: org.openqa.selenium.firefox.FirefoxDriver
Capabilities {acceptInsecureCerts: true, browserName: firefox, browserVersion: 120.0.1, javascriptEnabled: true, moz:accessibilityChecks: false, moz:buildID: 20231129155202, moz:geckodriverVersion: 0.33.0, moz:headless: false, moz:platformVersion: 10.0, moz:processID: 5656, moz:profile: C:\Users\nivak\AppData\Loca..., moz:shutdownTimeout: 60000, moz:webdriverClick: true, moz:windowless: false, pageLoadStrategy: normal, platform: WINDOWS, platformName: WINDOWS, proxy: Proxy(), setWindowRect: true, strictFileInteractability: false, timeouts: {implicit: 0, pageLoad: 300000, script: 30000}, unhandledPromptBehavior: dismiss and notify}
Session ID: fd090005-e255-41e5-8a66-d129c1a48ba8
*** Element info: {Using=css selector, value=html body ytd-app div#content.style-scope.ytd-app div#masthead-container.style-scope.ytd-app ytd-masthead#masthead.masthead-finish div#container.style-scope.ytd-masthead div#center.style-scope.ytd-masthead ytd-searchbox#search.style-scope.ytd-masthead form#search-form.style-scope.ytd-searchbox div#container.style-scope.ytd-searchbox div#search-input.ytd-searchbox-spt input#search.ytd-searchbox}&#13;
	at sun.reflect.NativeConstructorAccessorImpl.newInstance0(Native Method)&#13;
	at sun.reflect.NativeConstructorAccessorImpl.newInstance(NativeConstructorAccessorImpl.java:62)&#13;
	at sun.reflect.DelegatingConstructorAccessorImpl.newInstance(DelegatingConstructorAccessorImpl.java:45)&#13;
	at java.lang.reflect.Constructor.newInstance(Constructor.java:423)&#13;
	at org.openqa.selenium.remote.codec.w3c.W3CHttpResponseCodec.createException(W3CHttpResponseCodec.java:196)&#13;
	at org.openqa.selenium.remote.codec.w3c.W3CHttpResponseCodec.decode(W3CHttpResponseCodec.java:129)&#13;
	at org.openqa.selenium.remote.codec.w3c.W3CHttpResponseCodec.decode(W3CHttpResponseCodec.java:53)&#13;
	at org.openqa.selenium.remote.HttpCommandExecutor.execute(HttpCommandExecutor.java:161)&#13;
	at org.openqa.selenium.remote.service.DriverCommandExecutor.execute(DriverCommandExecutor.java:83)&#13;
	at org.openqa.selenium.remote.RemoteWebDriver.execute(RemoteWebDriver.java:582)&#13;
	at org.openqa.selenium.remote.RemoteWebDriver.findElement(RemoteWebDriver.java:333)&#13;
	at org.openqa.selenium.remote.RemoteWebDriver.findElementByCssSelector(RemoteWebDriver.java:441)&#13;
	at org.openqa.selenium.By$ByCssSelector.findElement(By.java:494)&#13;
	at org.openqa.selenium.remote.RemoteWebDriver.findElement(RemoteWebDriver.java:325)&#13;
	at OpenFireFox.TestPage.setUp(TestPage.java:27)&#13;
	at java.lang.reflect.Method.invoke(Method.java:498)&#13;
	at java.util.ArrayList.forEach(ArrayList.java:1257)&#13;
	at java.util.ArrayList.forEach(ArrayList.java:1257)&#13;
&#13;
</error>
    </testcase>
  </testsuite>
</testrun>
